<?xml version="1.0" encoding="UTF-8"?>
<!-- Generated by org.testng.reporters.JUnitXMLReporter -->
<testsuite hostname="WS-242" name="Default test" tests="6" failures="0" timestamp="31 Mar 2017 12:47:41 GMT" time="225.773" errors="0">
  <testcase name="testStudentScheduling" time="26.525" classname="performance.ODLoad"/>
  <testcase name="testStudentScheduling" time="25.785" classname="performance.ODLoad"/>
  <testcase name="testStudentScheduling" time="23.595" classname="performance.ODLoad"/>
  <testcase name="testTutorSessionJoin" time="48.89" classname="performance.ODLoad"/>
  <testcase name="testTutorSessionJoin" time="52.993" classname="performance.ODLoad"/>
  <testcase name="testTutorSessionJoin" time="47.908" classname="performance.ODLoad"/>
</testsuite> <!-- Default test -->
